2019-07-24 19:21:17,575 - INFO - server was started with localhost:1080
2019-07-24 19:21:22,874 - INFO - server shutdown
2019-07-24 19:21:57,240 - INFO - server was started with localhost:1080
2019-07-24 19:22:05,761 - INFO - client was connected with 127.0.0.1:60286
2019-07-24 19:22:11,993 - DEBUG - controller: echo resolved with request: {'action': 'echo', 'time': 1563985331.988184, 'data': 'hello'}
2019-07-24 19:22:24,151 - INFO - server shutdown
2019-07-24 20:46:45,479 - INFO - server was started with localhost:1080
2019-07-24 20:46:48,525 - INFO - client was connected with 127.0.0.1:60914
2019-07-24 20:46:54,082 - DEBUG - controller: echo resolved with request: {'action': 'echo', 'time': 1563990414.074506, 'data': 'hellooooooo'}
2019-07-24 20:46:54,082 - DEBUG - echo_controller: {'action': 'echo', 'time': 1563990414.074506, 'data': 'hellooooooo'}
2019-07-24 20:47:04,142 - INFO - server shutdown
2019-07-24 20:52:37,842 - INFO - server was started with localhost:1080
2019-07-24 20:52:41,690 - INFO - client was connected with 127.0.0.1:60964
2019-07-24 20:52:57,233 - DEBUG - controller: servererror resolved with request: {'action': 'servererror', 'time': 1563990777.218951, 'data': 'test'}
2019-07-24 20:52:57,233 - DEBUG - server_error_controller: {'action': 'servererror', 'time': 1563990777.218951, 'data': 'test'}
2019-07-24 20:53:10,779 - INFO - server shutdown
2019-07-24 20:56:51,596 - INFO - server was started with localhost:1080
2019-07-24 20:56:54,785 - INFO - client was connected with 127.0.0.1:60996
2019-07-24 20:56:59,508 - DEBUG - controller: servererror resolved with request: {'action': 'servererror', 'time': 1563991019.503491, 'data': 'data', 'token': '5d34baa75a1a284cae379ed8509ff2fa56ecba65a6f50a091fbbf715298b7ac2'}
2019-07-24 20:56:59,509 - DEBUG - server_error_controller: {'action': 'servererror', 'time': 1563991019.503491, 'data': 'data', 'token': '5d34baa75a1a284cae379ed8509ff2fa56ecba65a6f50a091fbbf715298b7ac2'}
2019-07-24 20:56:59,509 - CRITICAL - controller: servererror error: server error message
2019-07-24 21:02:27,547 - INFO - server shutdown
2019-07-24 21:02:28,560 - INFO - server was started with localhost:1080
2019-07-24 21:02:31,188 - INFO - client was connected with 127.0.0.1:32894
2019-07-24 21:02:36,127 - DEBUG - controller: servererror resolved with request: {'action': 'servererror', 'time': 1563991356.117863, 'data': 'hi', 'token': 'e8ef31b7023c1980858c1f86cfbb0369419021a438e10d059c2843ac5dfcab40'}
2019-07-24 21:02:36,127 - CRITICAL - controller: servererror error: server error message
